2018-06-23 at 11:25:52 CST DEBUG org.hibernate.validator.messageinterpolation.ResourceBundleMessageInterpolator 89 buildExpressionFactory - Loaded expression factory via original TCCL
2018-06-23 at 11:25:52 CST DEBUG org.hibernate.validator.internal.engine.ValidatorFactoryImpl 578 logValidatorFactoryScopedConfiguration - HV000234: Using org.hibernate.validator.messageinterpolation.ResourceBundleMessageInterpolator as ValidatorFactory-scoped message interpolator.
2018-06-23 at 11:25:52 CST DEBUG org.hibernate.validator.internal.engine.ValidatorFactoryImpl 579 logValidatorFactoryScopedConfiguration - HV000234: Using org.hibernate.validator.internal.engine.resolver.TraverseAllTraversableResolver as ValidatorFactory-scoped traversable resolver.
2018-06-23 at 11:25:52 CST DEBUG org.hibernate.validator.internal.engine.ValidatorFactoryImpl 580 logValidatorFactoryScopedConfiguration - HV000234: Using org.hibernate.validator.internal.util.ExecutableParameterNameProvider as ValidatorFactory-scoped parameter name provider.
2018-06-23 at 11:25:52 CST DEBUG org.hibernate.validator.internal.engine.ValidatorFactoryImpl 581 logValidatorFactoryScopedConfiguration - HV000234: Using org.hibernate.validator.internal.engine.DefaultClockProvider as ValidatorFactory-scoped clock provider.
2018-06-23 at 11:25:52 CST DEBUG org.hibernate.validator.internal.engine.ValidatorFactoryImpl 582 logValidatorFactoryScopedConfiguration - HV000234: Using org.hibernate.validator.internal.engine.scripting.DefaultScriptEvaluatorFactory as ValidatorFactory-scoped script evaluator factory.
2018-06-23 at 11:25:54 CST DEBUG org.mybatis.spring.boot.autoconfigure.MybatisAutoConfiguration$AutoConfiguredMapperScannerRegistrar 184 registerBeanDefinitions - Searching for mappers annotated with @Mapper
2018-06-23 at 11:25:54 CST DEBUG org.mybatis.spring.boot.autoconfigure.MybatisAutoConfiguration$AutoConfiguredMapperScannerRegistrar 196 registerBeanDefinitions - Using auto-configuration base package 'cn.aberic.fabric'
2018-06-23 at 11:25:55 CST DEBUG com.zaxxer.hikari.HikariConfig 495 setDriverClassName - Driver class org.sqlite.JDBC found in Thread context class loader sun.misc.Launcher$AppClassLoader@4aa298b7
2018-06-23 at 11:25:55 CST DEBUG org.apache.ibatis.logging.LogFactory 135 setImplementation - Logging initialized using 'class org.apache.ibatis.logging.slf4j.Slf4jImpl' adapter.
2018-06-23 at 11:25:55 CST DEBUG org.mybatis.spring.SqlSessionFactoryBean 534 buildSqlSessionFactory - Property 'mapperLocations' was not specified or no matching resources found
2018-06-23 at 11:29:02 CST DEBUG org.hibernate.validator.messageinterpolation.ResourceBundleMessageInterpolator 89 buildExpressionFactory - Loaded expression factory via original TCCL
2018-06-23 at 11:29:02 CST DEBUG org.hibernate.validator.internal.engine.ValidatorFactoryImpl 578 logValidatorFactoryScopedConfiguration - HV000234: Using org.hibernate.validator.messageinterpolation.ResourceBundleMessageInterpolator as ValidatorFactory-scoped message interpolator.
2018-06-23 at 11:29:02 CST DEBUG org.hibernate.validator.internal.engine.ValidatorFactoryImpl 579 logValidatorFactoryScopedConfiguration - HV000234: Using org.hibernate.validator.internal.engine.resolver.TraverseAllTraversableResolver as ValidatorFactory-scoped traversable resolver.
2018-06-23 at 11:29:02 CST DEBUG org.hibernate.validator.internal.engine.ValidatorFactoryImpl 580 logValidatorFactoryScopedConfiguration - HV000234: Using org.hibernate.validator.internal.util.ExecutableParameterNameProvider as ValidatorFactory-scoped parameter name provider.
2018-06-23 at 11:29:02 CST DEBUG org.hibernate.validator.internal.engine.ValidatorFactoryImpl 581 logValidatorFactoryScopedConfiguration - HV000234: Using org.hibernate.validator.internal.engine.DefaultClockProvider as ValidatorFactory-scoped clock provider.
2018-06-23 at 11:29:02 CST DEBUG org.hibernate.validator.internal.engine.ValidatorFactoryImpl 582 logValidatorFactoryScopedConfiguration - HV000234: Using org.hibernate.validator.internal.engine.scripting.DefaultScriptEvaluatorFactory as ValidatorFactory-scoped script evaluator factory.
2018-06-23 at 11:29:03 CST DEBUG org.mybatis.spring.boot.autoconfigure.MybatisAutoConfiguration$AutoConfiguredMapperScannerRegistrar 184 registerBeanDefinitions - Searching for mappers annotated with @Mapper
2018-06-23 at 11:29:03 CST DEBUG org.mybatis.spring.boot.autoconfigure.MybatisAutoConfiguration$AutoConfiguredMapperScannerRegistrar 196 registerBeanDefinitions - Using auto-configuration base package 'cn.aberic.fabric'
2018-06-23 at 11:29:05 CST DEBUG com.zaxxer.hikari.HikariConfig 495 setDriverClassName - Driver class org.sqlite.JDBC found in Thread context class loader sun.misc.Launcher$AppClassLoader@4aa298b7
2018-06-23 at 11:29:05 CST DEBUG org.apache.ibatis.logging.LogFactory 135 setImplementation - Logging initialized using 'class org.apache.ibatis.logging.slf4j.Slf4jImpl' adapter.
2018-06-23 at 11:29:05 CST DEBUG org.mybatis.spring.SqlSessionFactoryBean 534 buildSqlSessionFactory - Property 'mapperLocations' was not specified or no matching resources found
2018-06-23 at 11:32:21 CST DEBUG org.hibernate.validator.messageinterpolation.ResourceBundleMessageInterpolator 89 buildExpressionFactory - Loaded expression factory via original TCCL
2018-06-23 at 11:32:21 CST DEBUG org.hibernate.validator.internal.engine.ValidatorFactoryImpl 578 logValidatorFactoryScopedConfiguration - HV000234: Using org.hibernate.validator.messageinterpolation.ResourceBundleMessageInterpolator as ValidatorFactory-scoped message interpolator.
2018-06-23 at 11:32:21 CST DEBUG org.hibernate.validator.internal.engine.ValidatorFactoryImpl 579 logValidatorFactoryScopedConfiguration - HV000234: Using org.hibernate.validator.internal.engine.resolver.TraverseAllTraversableResolver as ValidatorFactory-scoped traversable resolver.
2018-06-23 at 11:32:21 CST DEBUG org.hibernate.validator.internal.engine.ValidatorFactoryImpl 580 logValidatorFactoryScopedConfiguration - HV000234: Using org.hibernate.validator.internal.util.ExecutableParameterNameProvider as ValidatorFactory-scoped parameter name provider.
2018-06-23 at 11:32:21 CST DEBUG org.hibernate.validator.internal.engine.ValidatorFactoryImpl 581 logValidatorFactoryScopedConfiguration - HV000234: Using org.hibernate.validator.internal.engine.DefaultClockProvider as ValidatorFactory-scoped clock provider.
2018-06-23 at 11:32:21 CST DEBUG org.hibernate.validator.internal.engine.ValidatorFactoryImpl 582 logValidatorFactoryScopedConfiguration - HV000234: Using org.hibernate.validator.internal.engine.scripting.DefaultScriptEvaluatorFactory as ValidatorFactory-scoped script evaluator factory.
2018-06-23 at 11:32:23 CST DEBUG org.mybatis.spring.boot.autoconfigure.MybatisAutoConfiguration$AutoConfiguredMapperScannerRegistrar 184 registerBeanDefinitions - Searching for mappers annotated with @Mapper
2018-06-23 at 11:32:23 CST DEBUG org.mybatis.spring.boot.autoconfigure.MybatisAutoConfiguration$AutoConfiguredMapperScannerRegistrar 196 registerBeanDefinitions - Using auto-configuration base package 'cn.aberic.fabric'
2018-06-23 at 11:32:25 CST DEBUG com.zaxxer.hikari.HikariConfig 495 setDriverClassName - Driver class org.sqlite.JDBC found in Thread context class loader sun.misc.Launcher$AppClassLoader@4aa298b7
2018-06-23 at 11:32:25 CST DEBUG org.apache.ibatis.logging.LogFactory 135 setImplementation - Logging initialized using 'class org.apache.ibatis.logging.slf4j.Slf4jImpl' adapter.
2018-06-23 at 11:32:25 CST DEBUG org.mybatis.spring.SqlSessionFactoryBean 534 buildSqlSessionFactory - Property 'mapperLocations' was not specified or no matching resources found
2018-06-23 at 11:34:49 CST DEBUG org.hibernate.validator.internal.xml.ValidationXmlParser 140 getValidationXmlInputStream - No META-INF/validation.xml found. Using annotation based configuration only.
2018-06-23 at 11:34:50 CST DEBUG org.hibernate.validator.messageinterpolation.ResourceBundleMessageInterpolator 89 buildExpressionFactory - Loaded expression factory via original TCCL
2018-06-23 at 11:34:50 CST DEBUG org.hibernate.validator.internal.engine.ValidatorFactoryImpl 578 logValidatorFactoryScopedConfiguration - HV000234: Using org.hibernate.validator.messageinterpolation.ResourceBundleMessageInterpolator as ValidatorFactory-scoped message interpolator.
2018-06-23 at 11:34:50 CST DEBUG org.hibernate.validator.internal.engine.ValidatorFactoryImpl 579 logValidatorFactoryScopedConfiguration - HV000234: Using org.hibernate.validator.internal.engine.resolver.TraverseAllTraversableResolver as ValidatorFactory-scoped traversable resolver.
2018-06-23 at 11:34:50 CST DEBUG org.hibernate.validator.internal.engine.ValidatorFactoryImpl 580 logValidatorFactoryScopedConfiguration - HV000234: Using org.hibernate.validator.internal.util.ExecutableParameterNameProvider as ValidatorFactory-scoped parameter name provider.
2018-06-23 at 11:34:50 CST DEBUG org.hibernate.validator.internal.engine.ValidatorFactoryImpl 581 logValidatorFactoryScopedConfiguration - HV000234: Using org.hibernate.validator.internal.engine.DefaultClockProvider as ValidatorFactory-scoped clock provider.
2018-06-23 at 11:34:50 CST DEBUG org.hibernate.validator.internal.engine.ValidatorFactoryImpl 582 logValidatorFactoryScopedConfiguration - HV000234: Using org.hibernate.validator.internal.engine.scripting.DefaultScriptEvaluatorFactory as ValidatorFactory-scoped script evaluator factory.
2018-06-23 at 11:34:51 CST DEBUG org.mybatis.spring.boot.autoconfigure.MybatisAutoConfiguration$AutoConfiguredMapperScannerRegistrar 184 registerBeanDefinitions - Searching for mappers annotated with @Mapper
2018-06-23 at 11:34:51 CST DEBUG org.mybatis.spring.boot.autoconfigure.MybatisAutoConfiguration$AutoConfiguredMapperScannerRegistrar 196 registerBeanDefinitions - Using auto-configuration base package 'cn.aberic.fabric'
2018-06-23 at 11:34:52 CST DEBUG com.zaxxer.hikari.HikariConfig 495 setDriverClassName - Driver class org.sqlite.JDBC found in Thread context class loader sun.misc.Launcher$AppClassLoader@4aa298b7
2018-06-23 at 11:34:52 CST DEBUG org.apache.ibatis.logging.LogFactory 135 setImplementation - Logging initialized using 'class org.apache.ibatis.logging.slf4j.Slf4jImpl' adapter.
2018-06-23 at 11:34:53 CST DEBUG org.mybatis.spring.SqlSessionFactoryBean 534 buildSqlSessionFactory - Property 'mapperLocations' was not specified or no matching resources found
2018-06-23 at 11:37:17 CST DEBUG org.hibernate.validator.messageinterpolation.ResourceBundleMessageInterpolator 89 buildExpressionFactory - Loaded expression factory via original TCCL
2018-06-23 at 11:37:17 CST DEBUG org.hibernate.validator.internal.engine.ValidatorFactoryImpl 578 logValidatorFactoryScopedConfiguration - HV000234: Using org.hibernate.validator.messageinterpolation.ResourceBundleMessageInterpolator as ValidatorFactory-scoped message interpolator.
2018-06-23 at 11:37:17 CST DEBUG org.hibernate.validator.internal.engine.ValidatorFactoryImpl 579 logValidatorFactoryScopedConfiguration - HV000234: Using org.hibernate.validator.internal.engine.resolver.TraverseAllTraversableResolver as ValidatorFactory-scoped traversable resolver.
2018-06-23 at 11:37:17 CST DEBUG org.hibernate.validator.internal.engine.ValidatorFactoryImpl 580 logValidatorFactoryScopedConfiguration - HV000234: Using org.hibernate.validator.internal.util.ExecutableParameterNameProvider as ValidatorFactory-scoped parameter name provider.
2018-06-23 at 11:37:17 CST DEBUG org.hibernate.validator.internal.engine.ValidatorFactoryImpl 581 logValidatorFactoryScopedConfiguration - HV000234: Using org.hibernate.validator.internal.engine.DefaultClockProvider as ValidatorFactory-scoped clock provider.
2018-06-23 at 11:37:17 CST DEBUG org.hibernate.validator.internal.engine.ValidatorFactoryImpl 582 logValidatorFactoryScopedConfiguration - HV000234: Using org.hibernate.validator.internal.engine.scripting.DefaultScriptEvaluatorFactory as ValidatorFactory-scoped script evaluator factory.
2018-06-23 at 11:37:19 CST DEBUG org.mybatis.spring.boot.autoconfigure.MybatisAutoConfiguration$AutoConfiguredMapperScannerRegistrar 184 registerBeanDefinitions - Searching for mappers annotated with @Mapper
2018-06-23 at 11:37:19 CST DEBUG org.mybatis.spring.boot.autoconfigure.MybatisAutoConfiguration$AutoConfiguredMapperScannerRegistrar 196 registerBeanDefinitions - Using auto-configuration base package 'cn.aberic.fabric'
2018-06-23 at 11:37:20 CST DEBUG com.zaxxer.hikari.HikariConfig 495 setDriverClassName - Driver class org.sqlite.JDBC found in Thread context class loader sun.misc.Launcher$AppClassLoader@4aa298b7
2018-06-23 at 11:37:20 CST DEBUG org.apache.ibatis.logging.LogFactory 135 setImplementation - Logging initialized using 'class org.apache.ibatis.logging.slf4j.Slf4jImpl' adapter.
2018-06-23 at 11:37:20 CST DEBUG org.mybatis.spring.SqlSessionFactoryBean 534 buildSqlSessionFactory - Property 'mapperLocations' was not specified or no matching resources found
2018-06-23 at 11:38:44 CST DEBUG org.hibernate.validator.messageinterpolation.ResourceBundleMessageInterpolator 89 buildExpressionFactory - Loaded expression factory via original TCCL
2018-06-23 at 11:38:44 CST DEBUG org.hibernate.validator.internal.engine.ValidatorFactoryImpl 578 logValidatorFactoryScopedConfiguration - HV000234: Using org.hibernate.validator.messageinterpolation.ResourceBundleMessageInterpolator as ValidatorFactory-scoped message interpolator.
2018-06-23 at 11:38:44 CST DEBUG org.hibernate.validator.internal.engine.ValidatorFactoryImpl 579 logValidatorFactoryScopedConfiguration - HV000234: Using org.hibernate.validator.internal.engine.resolver.TraverseAllTraversableResolver as ValidatorFactory-scoped traversable resolver.
2018-06-23 at 11:38:44 CST DEBUG org.hibernate.validator.internal.engine.ValidatorFactoryImpl 580 logValidatorFactoryScopedConfiguration - HV000234: Using org.hibernate.validator.internal.util.ExecutableParameterNameProvider as ValidatorFactory-scoped parameter name provider.
2018-06-23 at 11:38:44 CST DEBUG org.hibernate.validator.internal.engine.ValidatorFactoryImpl 581 logValidatorFactoryScopedConfiguration - HV000234: Using org.hibernate.validator.internal.engine.DefaultClockProvider as ValidatorFactory-scoped clock provider.
2018-06-23 at 11:38:44 CST DEBUG org.hibernate.validator.internal.engine.ValidatorFactoryImpl 582 logValidatorFactoryScopedConfiguration - HV000234: Using org.hibernate.validator.internal.engine.scripting.DefaultScriptEvaluatorFactory as ValidatorFactory-scoped script evaluator factory.
2018-06-23 at 11:38:46 CST DEBUG org.mybatis.spring.boot.autoconfigure.MybatisAutoConfiguration$AutoConfiguredMapperScannerRegistrar 184 registerBeanDefinitions - Searching for mappers annotated with @Mapper
2018-06-23 at 11:38:46 CST DEBUG org.mybatis.spring.boot.autoconfigure.MybatisAutoConfiguration$AutoConfiguredMapperScannerRegistrar 196 registerBeanDefinitions - Using auto-configuration base package 'cn.aberic.fabric'
2018-06-23 at 11:38:47 CST DEBUG com.zaxxer.hikari.HikariConfig 495 setDriverClassName - Driver class org.sqlite.JDBC found in Thread context class loader sun.misc.Launcher$AppClassLoader@4aa298b7
2018-06-23 at 11:38:47 CST DEBUG org.apache.ibatis.logging.LogFactory 135 setImplementation - Logging initialized using 'class org.apache.ibatis.logging.slf4j.Slf4jImpl' adapter.
2018-06-23 at 11:38:47 CST DEBUG org.mybatis.spring.SqlSessionFactoryBean 534 buildSqlSessionFactory - Property 'mapperLocations' was not specified or no matching resources found
2018-06-23 at 11:41:31 CST DEBUG org.hibernate.validator.messageinterpolation.ResourceBundleMessageInterpolator 89 buildExpressionFactory - Loaded expression factory via original TCCL
2018-06-23 at 11:41:31 CST DEBUG org.hibernate.validator.internal.engine.ValidatorFactoryImpl 578 logValidatorFactoryScopedConfiguration - HV000234: Using org.hibernate.validator.messageinterpolation.ResourceBundleMessageInterpolator as ValidatorFactory-scoped message interpolator.
2018-06-23 at 11:41:31 CST DEBUG org.hibernate.validator.internal.engine.ValidatorFactoryImpl 579 logValidatorFactoryScopedConfiguration - HV000234: Using org.hibernate.validator.internal.engine.resolver.TraverseAllTraversableResolver as ValidatorFactory-scoped traversable resolver.
2018-06-23 at 11:41:31 CST DEBUG org.hibernate.validator.internal.engine.ValidatorFactoryImpl 580 logValidatorFactoryScopedConfiguration - HV000234: Using org.hibernate.validator.internal.util.ExecutableParameterNameProvider as ValidatorFactory-scoped parameter name provider.
2018-06-23 at 11:41:31 CST DEBUG org.hibernate.validator.internal.engine.ValidatorFactoryImpl 581 logValidatorFactoryScopedConfiguration - HV000234: Using org.hibernate.validator.internal.engine.DefaultClockProvider as ValidatorFactory-scoped clock provider.
2018-06-23 at 11:41:31 CST DEBUG org.hibernate.validator.internal.engine.ValidatorFactoryImpl 582 logValidatorFactoryScopedConfiguration - HV000234: Using org.hibernate.validator.internal.engine.scripting.DefaultScriptEvaluatorFactory as ValidatorFactory-scoped script evaluator factory.
2018-06-23 at 11:41:33 CST DEBUG org.mybatis.spring.boot.autoconfigure.MybatisAutoConfiguration$AutoConfiguredMapperScannerRegistrar 184 registerBeanDefinitions - Searching for mappers annotated with @Mapper
2018-06-23 at 11:41:33 CST DEBUG org.mybatis.spring.boot.autoconfigure.MybatisAutoConfiguration$AutoConfiguredMapperScannerRegistrar 196 registerBeanDefinitions - Using auto-configuration base package 'cn.aberic.fabric'
2018-06-23 at 11:41:34 CST DEBUG com.zaxxer.hikari.HikariConfig 495 setDriverClassName - Driver class org.sqlite.JDBC found in Thread context class loader sun.misc.Launcher$AppClassLoader@4aa298b7
2018-06-23 at 11:41:34 CST DEBUG org.apache.ibatis.logging.LogFactory 135 setImplementation - Logging initialized using 'class org.apache.ibatis.logging.slf4j.Slf4jImpl' adapter.
2018-06-23 at 11:41:34 CST DEBUG org.mybatis.spring.SqlSessionFactoryBean 534 buildSqlSessionFactory - Property 'mapperLocations' was not specified or no matching resources found
2018-06-23 at 11:42:15 CST DEBUG org.hibernate.validator.messageinterpolation.ResourceBundleMessageInterpolator 89 buildExpressionFactory - Loaded expression factory via original TCCL
2018-06-23 at 11:42:15 CST DEBUG org.hibernate.validator.internal.engine.ValidatorFactoryImpl 578 logValidatorFactoryScopedConfiguration - HV000234: Using org.hibernate.validator.messageinterpolation.ResourceBundleMessageInterpolator as ValidatorFactory-scoped message interpolator.
2018-06-23 at 11:42:15 CST DEBUG org.hibernate.validator.internal.engine.ValidatorFactoryImpl 579 logValidatorFactoryScopedConfiguration - HV000234: Using org.hibernate.validator.internal.engine.resolver.TraverseAllTraversableResolver as ValidatorFactory-scoped traversable resolver.
2018-06-23 at 11:42:15 CST DEBUG org.hibernate.validator.internal.engine.ValidatorFactoryImpl 580 logValidatorFactoryScopedConfiguration - HV000234: Using org.hibernate.validator.internal.util.ExecutableParameterNameProvider as ValidatorFactory-scoped parameter name provider.
2018-06-23 at 11:42:15 CST DEBUG org.hibernate.validator.internal.engine.ValidatorFactoryImpl 581 logValidatorFactoryScopedConfiguration - HV000234: Using org.hibernate.validator.internal.engine.DefaultClockProvider as ValidatorFactory-scoped clock provider.
2018-06-23 at 11:42:15 CST DEBUG org.hibernate.validator.internal.engine.ValidatorFactoryImpl 582 logValidatorFactoryScopedConfiguration - HV000234: Using org.hibernate.validator.internal.engine.scripting.DefaultScriptEvaluatorFactory as ValidatorFactory-scoped script evaluator factory.
2018-06-23 at 11:42:20 CST DEBUG org.mybatis.spring.boot.autoconfigure.MybatisAutoConfiguration$AutoConfiguredMapperScannerRegistrar 184 registerBeanDefinitions - Searching for mappers annotated with @Mapper
2018-06-23 at 11:42:20 CST DEBUG org.mybatis.spring.boot.autoconfigure.MybatisAutoConfiguration$AutoConfiguredMapperScannerRegistrar 196 registerBeanDefinitions - Using auto-configuration base package 'cn.aberic.fabric'
2018-06-23 at 11:42:22 CST DEBUG com.zaxxer.hikari.HikariConfig 495 setDriverClassName - Driver class org.sqlite.JDBC found in Thread context class loader sun.misc.Launcher$AppClassLoader@4aa298b7
2018-06-23 at 11:42:22 CST DEBUG org.apache.ibatis.logging.LogFactory 135 setImplementation - Logging initialized using 'class org.apache.ibatis.logging.slf4j.Slf4jImpl' adapter.
2018-06-23 at 11:42:23 CST DEBUG org.mybatis.spring.SqlSessionFactoryBean 534 buildSqlSessionFactory - Property 'mapperLocations' was not specified or no matching resources found
2018-06-23 at 12:28:09 CST DEBUG org.hibernate.validator.messageinterpolation.ResourceBundleMessageInterpolator 89 buildExpressionFactory - Loaded expression factory via original TCCL
2018-06-23 at 12:28:09 CST DEBUG org.hibernate.validator.internal.engine.ValidatorFactoryImpl 578 logValidatorFactoryScopedConfiguration - HV000234: Using org.hibernate.validator.messageinterpolation.ResourceBundleMessageInterpolator as ValidatorFactory-scoped message interpolator.
2018-06-23 at 12:28:09 CST DEBUG org.hibernate.validator.internal.engine.ValidatorFactoryImpl 579 logValidatorFactoryScopedConfiguration - HV000234: Using org.hibernate.validator.internal.engine.resolver.TraverseAllTraversableResolver as ValidatorFactory-scoped traversable resolver.
2018-06-23 at 12:28:09 CST DEBUG org.hibernate.validator.internal.engine.ValidatorFactoryImpl 580 logValidatorFactoryScopedConfiguration - HV000234: Using org.hibernate.validator.internal.util.ExecutableParameterNameProvider as ValidatorFactory-scoped parameter name provider.
2018-06-23 at 12:28:09 CST DEBUG org.hibernate.validator.internal.engine.ValidatorFactoryImpl 581 logValidatorFactoryScopedConfiguration - HV000234: Using org.hibernate.validator.internal.engine.DefaultClockProvider as ValidatorFactory-scoped clock provider.
2018-06-23 at 12:28:09 CST DEBUG org.hibernate.validator.internal.engine.ValidatorFactoryImpl 582 logValidatorFactoryScopedConfiguration - HV000234: Using org.hibernate.validator.internal.engine.scripting.DefaultScriptEvaluatorFactory as ValidatorFactory-scoped script evaluator factory.
2018-06-23 at 12:28:12 CST DEBUG org.mybatis.spring.boot.autoconfigure.MybatisAutoConfiguration$AutoConfiguredMapperScannerRegistrar 184 registerBeanDefinitions - Searching for mappers annotated with @Mapper
2018-06-23 at 12:28:12 CST DEBUG org.mybatis.spring.boot.autoconfigure.MybatisAutoConfiguration$AutoConfiguredMapperScannerRegistrar 196 registerBeanDefinitions - Using auto-configuration base package 'cn.aberic.fabric'
2018-06-23 at 12:28:14 CST DEBUG com.zaxxer.hikari.HikariConfig 495 setDriverClassName - Driver class org.sqlite.JDBC found in Thread context class loader sun.misc.Launcher$AppClassLoader@4aa298b7
2018-06-23 at 12:28:14 CST DEBUG org.apache.ibatis.logging.LogFactory 135 setImplementation - Logging initialized using 'class org.apache.ibatis.logging.slf4j.Slf4jImpl' adapter.
2018-06-23 at 12:28:14 CST DEBUG org.mybatis.spring.SqlSessionFactoryBean 534 buildSqlSessionFactory - Property 'mapperLocations' was not specified or no matching resources found
2018-06-23 at 12:29:35 CST DEBUG org.hibernate.validator.messageinterpolation.ResourceBundleMessageInterpolator 89 buildExpressionFactory - Loaded expression factory via original TCCL
2018-06-23 at 12:29:35 CST DEBUG org.hibernate.validator.internal.engine.ValidatorFactoryImpl 578 logValidatorFactoryScopedConfiguration - HV000234: Using org.hibernate.validator.messageinterpolation.ResourceBundleMessageInterpolator as ValidatorFactory-scoped message interpolator.
2018-06-23 at 12:29:35 CST DEBUG org.hibernate.validator.internal.engine.ValidatorFactoryImpl 579 logValidatorFactoryScopedConfiguration - HV000234: Using org.hibernate.validator.internal.engine.resolver.TraverseAllTraversableResolver as ValidatorFactory-scoped traversable resolver.
2018-06-23 at 12:29:35 CST DEBUG org.hibernate.validator.internal.engine.ValidatorFactoryImpl 580 logValidatorFactoryScopedConfiguration - HV000234: Using org.hibernate.validator.internal.util.ExecutableParameterNameProvider as ValidatorFactory-scoped parameter name provider.
2018-06-23 at 12:29:35 CST DEBUG org.hibernate.validator.internal.engine.ValidatorFactoryImpl 581 logValidatorFactoryScopedConfiguration - HV000234: Using org.hibernate.validator.internal.engine.DefaultClockProvider as ValidatorFactory-scoped clock provider.
2018-06-23 at 12:29:35 CST DEBUG org.hibernate.validator.internal.engine.ValidatorFactoryImpl 582 logValidatorFactoryScopedConfiguration - HV000234: Using org.hibernate.validator.internal.engine.scripting.DefaultScriptEvaluatorFactory as ValidatorFactory-scoped script evaluator factory.
2018-06-23 at 12:29:37 CST DEBUG org.mybatis.spring.boot.autoconfigure.MybatisAutoConfiguration$AutoConfiguredMapperScannerRegistrar 184 registerBeanDefinitions - Searching for mappers annotated with @Mapper
2018-06-23 at 12:29:37 CST DEBUG org.mybatis.spring.boot.autoconfigure.MybatisAutoConfiguration$AutoConfiguredMapperScannerRegistrar 196 registerBeanDefinitions - Using auto-configuration base package 'cn.aberic.fabric'
2018-06-23 at 12:29:40 CST DEBUG com.zaxxer.hikari.HikariConfig 495 setDriverClassName - Driver class org.sqlite.JDBC found in Thread context class loader sun.misc.Launcher$AppClassLoader@4aa298b7
2018-06-23 at 12:29:40 CST DEBUG org.apache.ibatis.logging.LogFactory 135 setImplementation - Logging initialized using 'class org.apache.ibatis.logging.slf4j.Slf4jImpl' adapter.
2018-06-23 at 12:29:40 CST DEBUG org.mybatis.spring.SqlSessionFactoryBean 534 buildSqlSessionFactory - Property 'mapperLocations' was not specified or no matching resources found
2018-06-23 at 12:42:07 CST DEBUG org.hibernate.validator.messageinterpolation.ResourceBundleMessageInterpolator 89 buildExpressionFactory - Loaded expression factory via original TCCL
2018-06-23 at 12:42:07 CST DEBUG org.hibernate.validator.internal.engine.ValidatorFactoryImpl 578 logValidatorFactoryScopedConfiguration - HV000234: Using org.hibernate.validator.messageinterpolation.ResourceBundleMessageInterpolator as ValidatorFactory-scoped message interpolator.
2018-06-23 at 12:42:07 CST DEBUG org.hibernate.validator.internal.engine.ValidatorFactoryImpl 579 logValidatorFactoryScopedConfiguration - HV000234: Using org.hibernate.validator.internal.engine.resolver.TraverseAllTraversableResolver as ValidatorFactory-scoped traversable resolver.
2018-06-23 at 12:42:07 CST DEBUG org.hibernate.validator.internal.engine.ValidatorFactoryImpl 580 logValidatorFactoryScopedConfiguration - HV000234: Using org.hibernate.validator.internal.util.ExecutableParameterNameProvider as ValidatorFactory-scoped parameter name provider.
2018-06-23 at 12:42:07 CST DEBUG org.hibernate.validator.internal.engine.ValidatorFactoryImpl 581 logValidatorFactoryScopedConfiguration - HV000234: Using org.hibernate.validator.internal.engine.DefaultClockProvider as ValidatorFactory-scoped clock provider.
2018-06-23 at 12:42:07 CST DEBUG org.hibernate.validator.internal.engine.ValidatorFactoryImpl 582 logValidatorFactoryScopedConfiguration - HV000234: Using org.hibernate.validator.internal.engine.scripting.DefaultScriptEvaluatorFactory as ValidatorFactory-scoped script evaluator factory.
2018-06-23 at 12:42:08 CST DEBUG org.mybatis.spring.boot.autoconfigure.MybatisAutoConfiguration$AutoConfiguredMapperScannerRegistrar 184 registerBeanDefinitions - Searching for mappers annotated with @Mapper
2018-06-23 at 12:42:08 CST DEBUG org.mybatis.spring.boot.autoconfigure.MybatisAutoConfiguration$AutoConfiguredMapperScannerRegistrar 196 registerBeanDefinitions - Using auto-configuration base package 'cn.aberic.fabric'
2018-06-23 at 12:42:09 CST DEBUG com.zaxxer.hikari.HikariConfig 495 setDriverClassName - Driver class org.sqlite.JDBC found in Thread context class loader sun.misc.Launcher$AppClassLoader@4aa298b7
2018-06-23 at 12:42:09 CST DEBUG org.apache.ibatis.logging.LogFactory 135 setImplementation - Logging initialized using 'class org.apache.ibatis.logging.slf4j.Slf4jImpl' adapter.
2018-06-23 at 12:42:09 CST DEBUG org.mybatis.spring.SqlSessionFactoryBean 534 buildSqlSessionFactory - Property 'mapperLocations' was not specified or no matching resources found
2018-06-23 at 12:44:19 CST DEBUG org.hibernate.validator.internal.xml.ValidationXmlParser 133 getValidationXmlInputStream - Trying to load META-INF/validation.xml for XML based Validator configuration.
2018-06-23 at 12:44:19 CST DEBUG org.hibernate.validator.internal.xml.ResourceLoaderHelper 60 getResettableInputStreamForPath - Trying to load META-INF/validation.xml via TCCL
2018-06-23 at 12:44:19 CST DEBUG org.hibernate.validator.internal.xml.ResourceLoaderHelper 66 getResettableInputStreamForPath - Trying to load META-INF/validation.xml via Hibernate Validator's class loader
2018-06-23 at 12:44:19 CST DEBUG org.hibernate.validator.internal.xml.ValidationXmlParser 140 getValidationXmlInputStream - No META-INF/validation.xml found. Using annotation based configuration only.
2018-06-23 at 12:44:20 CST DEBUG org.hibernate.validator.messageinterpolation.ResourceBundleMessageInterpolator 89 buildExpressionFactory - Loaded expression factory via original TCCL
2018-06-23 at 12:44:20 CST DEBUG org.hibernate.validator.internal.engine.ValidatorFactoryImpl 578 logValidatorFactoryScopedConfiguration - HV000234: Using org.hibernate.validator.messageinterpolation.ResourceBundleMessageInterpolator as ValidatorFactory-scoped message interpolator.
2018-06-23 at 12:44:20 CST DEBUG org.hibernate.validator.internal.engine.ValidatorFactoryImpl 579 logValidatorFactoryScopedConfiguration - HV000234: Using org.hibernate.validator.internal.engine.resolver.TraverseAllTraversableResolver as ValidatorFactory-scoped traversable resolver.
2018-06-23 at 12:44:20 CST DEBUG org.hibernate.validator.internal.engine.ValidatorFactoryImpl 580 logValidatorFactoryScopedConfiguration - HV000234: Using org.hibernate.validator.internal.util.ExecutableParameterNameProvider as ValidatorFactory-scoped parameter name provider.
2018-06-23 at 12:44:20 CST DEBUG org.hibernate.validator.internal.engine.ValidatorFactoryImpl 581 logValidatorFactoryScopedConfiguration - HV000234: Using org.hibernate.validator.internal.engine.DefaultClockProvider as ValidatorFactory-scoped clock provider.
2018-06-23 at 12:44:20 CST DEBUG org.hibernate.validator.internal.engine.ValidatorFactoryImpl 582 logValidatorFactoryScopedConfiguration - HV000234: Using org.hibernate.validator.internal.engine.scripting.DefaultScriptEvaluatorFactory as ValidatorFactory-scoped script evaluator factory.
2018-06-23 at 12:44:21 CST DEBUG org.mybatis.spring.boot.autoconfigure.MybatisAutoConfiguration$AutoConfiguredMapperScannerRegistrar 184 registerBeanDefinitions - Searching for mappers annotated with @Mapper
2018-06-23 at 12:44:21 CST DEBUG org.mybatis.spring.boot.autoconfigure.MybatisAutoConfiguration$AutoConfiguredMapperScannerRegistrar 196 registerBeanDefinitions - Using auto-configuration base package 'cn.aberic.fabric'
2018-06-23 at 12:44:22 CST DEBUG com.zaxxer.hikari.HikariConfig 495 setDriverClassName - Driver class org.sqlite.JDBC found in Thread context class loader sun.misc.Launcher$AppClassLoader@4aa298b7
2018-06-23 at 12:44:22 CST DEBUG org.apache.ibatis.logging.LogFactory 135 setImplementation - Logging initialized using 'class org.apache.ibatis.logging.slf4j.Slf4jImpl' adapter.
2018-06-23 at 12:44:22 CST DEBUG org.mybatis.spring.SqlSessionFactoryBean 534 buildSqlSessionFactory - Property 'mapperLocations' was not specified or no matching resources found
2018-06-23 at 16:59:54 CST DEBUG org.hibernate.validator.messageinterpolation.ResourceBundleMessageInterpolator 89 buildExpressionFactory - Loaded expression factory via original TCCL
2018-06-23 at 16:59:54 CST DEBUG org.hibernate.validator.internal.engine.ValidatorFactoryImpl 578 logValidatorFactoryScopedConfiguration - HV000234: Using org.hibernate.validator.messageinterpolation.ResourceBundleMessageInterpolator as ValidatorFactory-scoped message interpolator.
2018-06-23 at 16:59:54 CST DEBUG org.hibernate.validator.internal.engine.ValidatorFactoryImpl 579 logValidatorFactoryScopedConfiguration - HV000234: Using org.hibernate.validator.internal.engine.resolver.TraverseAllTraversableResolver as ValidatorFactory-scoped traversable resolver.
2018-06-23 at 16:59:54 CST DEBUG org.hibernate.validator.internal.engine.ValidatorFactoryImpl 580 logValidatorFactoryScopedConfiguration - HV000234: Using org.hibernate.validator.internal.util.ExecutableParameterNameProvider as ValidatorFactory-scoped parameter name provider.
2018-06-23 at 16:59:54 CST DEBUG org.hibernate.validator.internal.engine.ValidatorFactoryImpl 581 logValidatorFactoryScopedConfiguration - HV000234: Using org.hibernate.validator.internal.engine.DefaultClockProvider as ValidatorFactory-scoped clock provider.
2018-06-23 at 16:59:54 CST DEBUG org.hibernate.validator.internal.engine.ValidatorFactoryImpl 582 logValidatorFactoryScopedConfiguration - HV000234: Using org.hibernate.validator.internal.engine.scripting.DefaultScriptEvaluatorFactory as ValidatorFactory-scoped script evaluator factory.
2018-06-23 at 16:59:55 CST DEBUG org.mybatis.spring.boot.autoconfigure.MybatisAutoConfiguration$AutoConfiguredMapperScannerRegistrar 184 registerBeanDefinitions - Searching for mappers annotated with @Mapper
2018-06-23 at 16:59:55 CST DEBUG org.mybatis.spring.boot.autoconfigure.MybatisAutoConfiguration$AutoConfiguredMapperScannerRegistrar 196 registerBeanDefinitions - Using auto-configuration base package 'cn.aberic.fabric'
2018-06-23 at 16:59:56 CST DEBUG com.zaxxer.hikari.HikariConfig 495 setDriverClassName - Driver class org.sqlite.JDBC found in Thread context class loader sun.misc.Launcher$AppClassLoader@4aa298b7
2018-06-23 at 16:59:56 CST DEBUG org.apache.ibatis.logging.LogFactory 135 setImplementation - Logging initialized using 'class org.apache.ibatis.logging.slf4j.Slf4jImpl' adapter.
2018-06-23 at 16:59:56 CST DEBUG org.mybatis.spring.SqlSessionFactoryBean 534 buildSqlSessionFactory - Property 'mapperLocations' was not specified or no matching resources found
2018-06-23 at 17:31:52 CST DEBUG org.hibernate.validator.internal.xml.ValidationXmlParser 133 getValidationXmlInputStream - Trying to load META-INF/validation.xml for XML based Validator configuration.
2018-06-23 at 17:31:52 CST DEBUG org.hibernate.validator.internal.xml.ResourceLoaderHelper 60 getResettableInputStreamForPath - Trying to load META-INF/validation.xml via TCCL
2018-06-23 at 17:31:52 CST DEBUG org.hibernate.validator.internal.xml.ResourceLoaderHelper 66 getResettableInputStreamForPath - Trying to load META-INF/validation.xml via Hibernate Validator's class loader
2018-06-23 at 17:31:52 CST DEBUG org.hibernate.validator.internal.xml.ValidationXmlParser 140 getValidationXmlInputStream - No META-INF/validation.xml found. Using annotation based configuration only.
2018-06-23 at 17:31:53 CST DEBUG org.hibernate.validator.messageinterpolation.ResourceBundleMessageInterpolator 89 buildExpressionFactory - Loaded expression factory via original TCCL
2018-06-23 at 17:31:53 CST DEBUG org.hibernate.validator.internal.engine.ValidatorFactoryImpl 578 logValidatorFactoryScopedConfiguration - HV000234: Using org.hibernate.validator.messageinterpolation.ResourceBundleMessageInterpolator as ValidatorFactory-scoped message interpolator.
2018-06-23 at 17:31:53 CST DEBUG org.hibernate.validator.internal.engine.ValidatorFactoryImpl 579 logValidatorFactoryScopedConfiguration - HV000234: Using org.hibernate.validator.internal.engine.resolver.TraverseAllTraversableResolver as ValidatorFactory-scoped traversable resolver.
2018-06-23 at 17:31:53 CST DEBUG org.hibernate.validator.internal.engine.ValidatorFactoryImpl 580 logValidatorFactoryScopedConfiguration - HV000234: Using org.hibernate.validator.internal.util.ExecutableParameterNameProvider as ValidatorFactory-scoped parameter name provider.
2018-06-23 at 17:31:53 CST DEBUG org.hibernate.validator.internal.engine.ValidatorFactoryImpl 581 logValidatorFactoryScopedConfiguration - HV000234: Using org.hibernate.validator.internal.engine.DefaultClockProvider as ValidatorFactory-scoped clock provider.
2018-06-23 at 17:31:53 CST DEBUG org.hibernate.validator.internal.engine.ValidatorFactoryImpl 582 logValidatorFactoryScopedConfiguration - HV000234: Using org.hibernate.validator.internal.engine.scripting.DefaultScriptEvaluatorFactory as ValidatorFactory-scoped script evaluator factory.
2018-06-23 at 17:31:55 CST DEBUG org.mybatis.spring.boot.autoconfigure.MybatisAutoConfiguration$AutoConfiguredMapperScannerRegistrar 184 registerBeanDefinitions - Searching for mappers annotated with @Mapper
2018-06-23 at 17:31:55 CST DEBUG org.mybatis.spring.boot.autoconfigure.MybatisAutoConfiguration$AutoConfiguredMapperScannerRegistrar 196 registerBeanDefinitions - Using auto-configuration base package 'cn.aberic.fabric'
2018-06-23 at 17:31:56 CST DEBUG com.zaxxer.hikari.HikariConfig 495 setDriverClassName - Driver class org.sqlite.JDBC found in Thread context class loader sun.misc.Launcher$AppClassLoader@4aa298b7
2018-06-23 at 17:31:56 CST DEBUG org.apache.ibatis.logging.LogFactory 135 setImplementation - Logging initialized using 'class org.apache.ibatis.logging.slf4j.Slf4jImpl' adapter.
2018-06-23 at 17:31:57 CST DEBUG org.mybatis.spring.SqlSessionFactoryBean 534 buildSqlSessionFactory - Property 'mapperLocations' was not specified or no matching resources found
